This is pdfTeX, Version 3.14159265-2.6-1.40.17 (TeX Live 2016/Debian) (preloaded format=pdflatex 2019.4.15)  30 MAR 2021 13:29
entering extended mode
 restricted \write18 enabled.
 file:line:error style messages enabled.
 %&-line parsing enabled.
**Pop_VasileAdrianBogdan_DISI_2018-19.tex
(./Pop_VasileAdrianBogdan_DISI_2018-19.tex
LaTeX2e <2017/01/01> patch level 3
Babel <3.9r> and hyphenation patterns for 83 language(s) loaded.
(/usr/share/texlive/texmf-dist/tex/latex/base/book.cls
Document Class: book 2014/09/29 v1.4h Standard LaTeX document class
(/usr/share/texlive/texmf-dist/tex/latex/base/bk11.clo
File: bk11.clo 2014/09/29 v1.4h Standard LaTeX file (size option)
)
\c@part=\count79
\c@chapter=\count80
\c@section=\count81
\c@subsection=\count82
\c@subsubsection=\count83
\c@paragraph=\count84
\c@subparagraph=\count85
\c@figure=\count86
\c@table=\count87
\abovecaptionskip=\skip41
\belowcaptionskip=\skip42
\bibindent=\dimen102
)
(/usr/share/texlive/texmf-dist/tex/latex/graphics/epsfig.sty
Package: epsfig 1999/02/16 v1.7a (e)psfig emulation (SPQR)

(/usr/share/texlive/texmf-dist/tex/latex/graphics/graphicx.sty
Package: graphicx 2014/10/28 v1.0g Enhanced LaTeX Graphics (DPC,SPQR)

(/usr/share/texlive/texmf-dist/tex/latex/graphics/keyval.sty
Package: keyval 2014/10/28 v1.15 key=value parser (DPC)
\KV@toks@=\toks14
)
(/usr/share/texlive/texmf-dist/tex/latex/graphics/graphics.sty
Package: graphics 2016/10/09 v1.0u Standard LaTeX Graphics (DPC,SPQR)

(/usr/share/texlive/texmf-dist/tex/latex/graphics/trig.sty
Package: trig 2016/01/03 v1.10 sin cos tan (DPC)
)
(/usr/share/texlive/texmf-dist/tex/latex/graphics-cfg/graphics.cfg
File: graphics.cfg 2016/06/04 v1.11 sample graphics configuration
)
Package graphics Info: Driver file: pdftex.def on input line 99.

(/usr/share/texlive/texmf-dist/tex/latex/graphics-def/pdftex.def
File: pdftex.def 2017/01/12 v0.06k Graphics/color for pdfTeX

(/usr/share/texlive/texmf-dist/tex/generic/oberdiek/infwarerr.sty
Package: infwarerr 2016/05/16 v1.4 Providing info/warning/error messages (HO)
)
(/usr/share/texlive/texmf-dist/tex/generic/oberdiek/ltxcmds.sty
Package: ltxcmds 2016/05/16 v1.23 LaTeX kernel commands for general use (HO)
)
\Gread@gobject=\count88
))
\Gin@req@height=\dimen103
\Gin@req@width=\dimen104
)
\epsfxsize=\dimen105
\epsfysize=\dimen106
)
(/usr/share/texlive/texmf-dist/tex/latex/carlisle/plain.sty
Package: plain 1996/04/22 Plain TeX emulation (DPC)
\tabs@latex=\box26
\tabsyet@latex=\box27
\tabsdone@latex=\box28
)
(/usr/share/texlive/texmf-dist/tex/latex/setspace/setspace.sty
Package: setspace 2011/12/19 v6.7a set line spacing
)
(/usr/share/texlive/texmf-dist/tex/latex/geometry/geometry.sty
Package: geometry 2010/09/12 v5.6 Page Geometry

(/usr/share/texlive/texmf-dist/tex/generic/oberdiek/ifpdf.sty
Package: ifpdf 2016/05/14 v3.1 Provides the ifpdf switch
)
(/usr/share/texlive/texmf-dist/tex/generic/oberdiek/ifvtex.sty
Package: ifvtex 2016/05/16 v1.6 Detect VTeX and its facilities (HO)
Package ifvtex Info: VTeX not detected.
)
(/usr/share/texlive/texmf-dist/tex/generic/ifxetex/ifxetex.sty
Package: ifxetex 2010/09/12 v0.6 Provides ifxetex conditional
)
\Gm@cnth=\count89
\Gm@cntv=\count90
\c@Gm@tempcnt=\count91
\Gm@bindingoffset=\dimen107
\Gm@wd@mp=\dimen108
\Gm@odd@mp=\dimen109
\Gm@even@mp=\dimen110
\Gm@layoutwidth=\dimen111
\Gm@layoutheight=\dimen112
\Gm@layouthoffset=\dimen113
\Gm@layoutvoffset=\dimen114
\Gm@dimlist=\toks15
)
(/usr/share/texlive/texmf-dist/tex/latex/titlesec/titlesec.sty
Package: titlesec 2016/03/21 v2.10.2 Sectioning titles
\ttl@box=\box29
\beforetitleunit=\skip43
\aftertitleunit=\skip44
\ttl@plus=\dimen115
\ttl@minus=\dimen116
\ttl@toksa=\toks16
\titlewidth=\dimen117
\titlewidthlast=\dimen118
\titlewidthfirst=\dimen119
)
(/usr/share/texlive/texmf-dist/tex/latex/url/url.sty
\Urlmuskip=\muskip10
Package: url 2013/09/16  ver 3.4  Verb mode for urls, etc.
)
(/usr/share/texlive/texmf-dist/tex/latex/mathtools/mathtools.sty
Package: mathtools 2015/11/12 v1.18 mathematical typesetting tools

(/usr/share/texlive/texmf-dist/tex/latex/tools/calc.sty
Package: calc 2014/10/28 v4.3 Infix arithmetic (KKT,FJ)
\calc@Acount=\count92
\calc@Bcount=\count93
\calc@Adimen=\dimen120
\calc@Bdimen=\dimen121
\calc@Askip=\skip45
\calc@Bskip=\skip46
LaTeX Info: Redefining \setlength on input line 80.
LaTeX Info: Redefining \addtolength on input line 81.
\calc@Ccount=\count94
\calc@Cskip=\skip47
)
(/usr/share/texlive/texmf-dist/tex/latex/mathtools/mhsetup.sty
Package: mhsetup 2010/01/21 v1.2a programming setup (MH)
)
(/usr/share/texlive/texmf-dist/tex/latex/amsmath/amsmath.sty
Package: amsmath 2016/11/05 v2.16a AMS math features
\@mathmargin=\skip48

For additional information on amsmath, use the `?' option.
(/usr/share/texlive/texmf-dist/tex/latex/amsmath/amstext.sty
Package: amstext 2000/06/29 v2.01 AMS text

(/usr/share/texlive/texmf-dist/tex/latex/amsmath/amsgen.sty
File: amsgen.sty 1999/11/30 v2.0 generic functions
\@emptytoks=\toks17
\ex@=\dimen122
))
(/usr/share/texlive/texmf-dist/tex/latex/amsmath/amsbsy.sty
Package: amsbsy 1999/11/29 v1.2d Bold Symbols
\pmbraise@=\dimen123
)
(/usr/share/texlive/texmf-dist/tex/latex/amsmath/amsopn.sty
Package: amsopn 2016/03/08 v2.02 operator names
)
\inf@bad=\count95
LaTeX Info: Redefining \frac on input line 213.
\uproot@=\count96
\leftroot@=\count97
LaTeX Info: Redefining \overline on input line 375.
\classnum@=\count98
\DOTSCASE@=\count99
LaTeX Info: Redefining \ldots on input line 472.
LaTeX Info: Redefining \dots on input line 475.
LaTeX Info: Redefining \cdots on input line 596.
\Mathstrutbox@=\box30
\strutbox@=\box31
\big@size=\dimen124
LaTeX Font Info:    Redeclaring font encoding OML on input line 712.
LaTeX Font Info:    Redeclaring font encoding OMS on input line 713.
\macc@depth=\count100
\c@MaxMatrixCols=\count101
\dotsspace@=\muskip11
\c@parentequation=\count102
\dspbrk@lvl=\count103
\tag@help=\toks18
\row@=\count104
\column@=\count105
\maxfields@=\count106
\andhelp@=\toks19
\eqnshift@=\dimen125
\alignsep@=\dimen126
\tagshift@=\dimen127
\tagwidth@=\dimen128
\totwidth@=\dimen129
\lineht@=\dimen130
\@envbody=\toks20
\multlinegap=\skip49
\multlinetaggap=\skip50
\mathdisplay@stack=\toks21
LaTeX Info: Redefining \[ on input line 2817.
LaTeX Info: Redefining \] on input line 2818.
)
LaTeX Info: Thecontrolsequence`\('isalreadyrobust on input line 129.
LaTeX Info: Thecontrolsequence`\)'isalreadyrobust on input line 129.
LaTeX Info: Thecontrolsequence`\['isalreadyrobust on input line 129.
LaTeX Info: Thecontrolsequence`\]'isalreadyrobust on input line 129.
\g_MT_multlinerow_int=\count107
\l_MT_multwidth_dim=\dimen131
\origjot=\skip51
\l_MT_shortvdotswithinadjustabove_dim=\dimen132
\l_MT_shortvdotswithinadjustbelow_dim=\dimen133
\l_MT_above_intertext_sep=\dimen134
\l_MT_below_intertext_sep=\dimen135
\l_MT_above_shortintertext_sep=\dimen136
\l_MT_below_shortintertext_sep=\dimen137
)
(/usr/share/texlive/texmf-dist/tex/latex/tools/tabularx.sty
Package: tabularx 2016/02/03 v2.11 `tabularx' package (DPC)

(/usr/share/texlive/texmf-dist/tex/latex/tools/array.sty
Package: array 2016/10/06 v2.4d Tabular extension package (FMi)
\col@sep=\dimen138
\extrarowheight=\dimen139
\NC@list=\toks22
\extratabsurround=\skip52
\backup@length=\skip53
)
\TX@col@width=\dimen140
\TX@old@table=\dimen141
\TX@old@col=\dimen142
\TX@target=\dimen143
\TX@delta=\dimen144
\TX@cols=\count108
\TX@ftn=\toks23
)
(/usr/share/texlive/texmf-dist/tex/latex/ms/ragged2e.sty
Package: ragged2e 2009/05/21 v2.1 ragged2e Package (MS)

(/usr/share/texlive/texmf-dist/tex/latex/ms/everysel.sty
Package: everysel 2011/10/28 v1.2 EverySelectfont Package (MS)
)
\CenteringLeftskip=\skip54
\RaggedLeftLeftskip=\skip55
\RaggedRightLeftskip=\skip56
\CenteringRightskip=\skip57
\RaggedLeftRightskip=\skip58
\RaggedRightRightskip=\skip59
\CenteringParfillskip=\skip60
\RaggedLeftParfillskip=\skip61
\RaggedRightParfillskip=\skip62
\JustifyingParfillskip=\skip63
\CenteringParindent=\skip64
\RaggedLeftParindent=\skip65
\RaggedRightParindent=\skip66
\JustifyingParindent=\skip67
)
(/usr/share/texlive/texmf-dist/tex/latex/base/inputenc.sty
Package: inputenc 2015/03/17 v1.2c Input encoding file
\inpenc@prehook=\toks24
\inpenc@posthook=\toks25

(/usr/share/texlive/texmf-dist/tex/latex/ucs/utf8x.def
File: utf8x.def 2004/10/17 UCS: Input encoding UTF-8
))
(/usr/share/texlive/texmf-dist/tex/latex/ucs/ucs.sty
Package: ucs 2013/05/11 v2.2 UCS: Unicode input support

(/usr/share/texlive/texmf-dist/tex/latex/ucs/data/uni-global.def
File: uni-global.def 2013/05/13 UCS: Unicode global data
)
\uc@secondtry=\count109
\uc@combtoks=\toks26
\uc@combtoksb=\toks27
\uc@temptokena=\toks28
)
(/usr/share/texlive/texmf-dist/tex/generic/babel/babel.sty
Package: babel 2016/04/23 3.9r The Babel package

(/usr/share/texlive/texmf-dist/tex/generic/babel-english/english.ldf
Language: english 2012/08/20 v3.3p English support from the babel system

(/usr/share/texlive/texmf-dist/tex/generic/babel/babel.def
File: babel.def 2016/04/23 3.9r Babel common definitions
\babel@savecnt=\count110
\U@D=\dimen145
)
\l@canadian = a dialect from \language\l@american 
\l@australian = a dialect from \language\l@british 
\l@newzealand = a dialect from \language\l@british 
))

LaTeX Warning: Unused global option(s):
    [epsfig].

(./Pop_VasileAdrianBogdan_DISI_2018-19.aux)
\openout1 = `Pop_VasileAdrianBogdan_DISI_2018-19.aux'.

LaTeX Font Info:    Checking defaults for OML/cmm/m/it on input line 40.
LaTeX Font Info:    ... okay on input line 40.
LaTeX Font Info:    Checking defaults for T1/cmr/m/n on input line 40.
LaTeX Font Info:    ... okay on input line 40.
LaTeX Font Info:    Checking defaults for OT1/cmr/m/n on input line 40.
LaTeX Font Info:    ... okay on input line 40.
LaTeX Font Info:    Checking defaults for OMS/cmsy/m/n on input line 40.
LaTeX Font Info:    ... okay on input line 40.
LaTeX Font Info:    Checking defaults for OMX/cmex/m/n on input line 40.
LaTeX Font Info:    ... okay on input line 40.
LaTeX Font Info:    Checking defaults for U/cmr/m/n on input line 40.
LaTeX Font Info:    ... okay on input line 40.

(/usr/share/texlive/texmf-dist/tex/context/base/mkii/supp-pdf.mkii
[Loading MPS to PDF converter (version 2006.09.02).]
\scratchcounter=\count111
\scratchdimen=\dimen146
\scratchbox=\box32
\nofMPsegments=\count112
\nofMParguments=\count113
\everyMPshowfont=\toks29
\MPscratchCnt=\count114
\MPscratchDim=\dimen147
\MPnumerator=\count115
\makeMPintoPDFobject=\count116
\everyMPtoPDFconversion=\toks30
) (/usr/share/texlive/texmf-dist/tex/generic/oberdiek/pdftexcmds.sty
Package: pdftexcmds 2016/05/21 v0.22 Utility functions of pdfTeX for LuaTeX (HO
)

(/usr/share/texlive/texmf-dist/tex/generic/oberdiek/ifluatex.sty
Package: ifluatex 2016/05/16 v1.4 Provides the ifluatex switch (HO)
Package ifluatex Info: LuaTeX not detected.
)
Package pdftexcmds Info: LuaTeX not detected.
Package pdftexcmds Info: \pdf@primitive is available.
Package pdftexcmds Info: \pdf@ifprimitive is available.
Package pdftexcmds Info: \pdfdraftmode found.
)
(/usr/share/texlive/texmf-dist/tex/latex/oberdiek/epstopdf-base.sty
Package: epstopdf-base 2016/05/15 v2.6 Base part for package epstopdf

(/usr/share/texlive/texmf-dist/tex/latex/oberdiek/grfext.sty
Package: grfext 2016/05/16 v1.2 Manage graphics extensions (HO)

(/usr/share/texlive/texmf-dist/tex/generic/oberdiek/kvdefinekeys.sty
Package: kvdefinekeys 2016/05/16 v1.4 Define keys (HO)
))
(/usr/share/texlive/texmf-dist/tex/latex/oberdiek/kvoptions.sty
Package: kvoptions 2016/05/16 v3.12 Key value format for package options (HO)

(/usr/share/texlive/texmf-dist/tex/generic/oberdiek/kvsetkeys.sty
Package: kvsetkeys 2016/05/16 v1.17 Key value parser (HO)

(/usr/share/texlive/texmf-dist/tex/generic/oberdiek/etexcmds.sty
Package: etexcmds 2016/05/16 v1.6 Avoid name clashes with e-TeX commands (HO)
Package etexcmds Info: Could not find \expanded.
(etexcmds)             That can mean that you are not using pdfTeX 1.50 or
(etexcmds)             that some package has redefined \expanded.
(etexcmds)             In the latter case, load this package earlier.
)))
Package epstopdf-base Info: Redefining graphics rule for `.eps' on input line 4
38.
Package grfext Info: Graphics extension search list:
(grfext)             [.png,.pdf,.jpg,.mps,.jpeg,.jbig2,.jb2,.PNG,.PDF,.JPG,.JPE
G,.JBIG2,.JB2,.eps]
(grfext)             \AppendGraphicsExtensions on input line 456.

(/usr/share/texlive/texmf-dist/tex/latex/latexconfig/epstopdf-sys.cfg
File: epstopdf-sys.cfg 2010/07/13 v1.3 Configuration of (r)epstopdf for TeX Liv
e
))
*geometry* driver: auto-detecting
*geometry* detected driver: pdftex
*geometry* verbose mode - [ preamble ] result:
* driver: pdftex
* paper: custom
* layout: <same size as paper>
* layoutoffset:(h,v)=(0.0pt,0.0pt)
* modes: twoside 
* h-part:(L,W,R)=(71.13188pt, 483.69687pt, 42.67912pt)
* v-part:(T,H,B)=(56.9055pt, 731.23575pt, 56.9055pt)
* \paperwidth=597.50787pt
* \paperheight=845.04675pt
* \textwidth=483.69687pt
* \textheight=731.23575pt
* \oddsidemargin=-1.1381pt
* \evensidemargin=-29.59087pt
* \topmargin=-47.23828pt
* \headheight=12.0pt
* \headsep=19.8738pt
* \topskip=11.0pt
* \footskip=27.46295pt
* \marginparwidth=106.0pt
* \marginparsep=7.0pt
* \columnsep=10.0pt
* \skip\footins=10.0pt plus 4.0pt minus 2.0pt
* \hoffset=0.0pt
* \voffset=0.0pt
* \mag=1000
* \@twocolumnfalse
* \@twosidetrue
* \@mparswitchtrue
* \@reversemarginfalse
* (1in=72.27pt=25.4mm, 1cm=28.453pt)

ABD: EverySelectfont initializing macros
LaTeX Info: Redefining \selectfont on input line 40.

(/usr/share/texlive/texmf-dist/tex/latex/ucs/ucsencs.def
File: ucsencs.def 2011/01/21 Fixes to fontencodings LGR, T3
)
(./pagina_iniziale.tex
Package epstopdf Info: Source file: <logo_unitn_black_center.eps>
(epstopdf)                    date: 2015-07-30 04:07:54
(epstopdf)                    size: 316347 bytes
(epstopdf)             Output file: <logo_unitn_black_center-eps-converted-to.p
df>
(epstopdf)                    date: 2015-09-10 07:22:38
(epstopdf)                    size: 84556 bytes
(epstopdf)             Command: <repstopdf --outfile=logo_unitn_black_center-ep
s-converted-to.pdf logo_unitn_black_center.eps>
(epstopdf)             \includegraphics on input line 7.
Package epstopdf Info: Output file is already uptodate.

<logo_unitn_black_center-eps-converted-to.pdf, id=1, 293.095pt x 126.4725pt>
File: logo_unitn_black_center-eps-converted-to.pdf Graphic file (type pdf)

<use logo_unitn_black_center-eps-converted-to.pdf>
Package pdftex.def Info: logo_unitn_black_center-eps-converted-to.pdf used on i
nput line 7.
(pdftex.def)             Requested size: 290.22107pt x 125.23131pt.
) [1

{/var/lib/texmf/fonts/map/pdftex/updmap/pdftex.map} <./logo_unitn_black_center-
eps-converted-to.pdf>]
(./ringraziamenti.tex) [2

]
No file Pop_VasileAdrianBogdan_DISI_2018-19.toc.
\tf@toc=\write3
\openout3 = `Pop_VasileAdrianBogdan_DISI_2018-19.toc'.

[1



] (./sommario.tex

LaTeX Warning: Citation `bitcoin.org' on page 2 undefined on input line 10.


LaTeX Warning: Citation `bitcoincash' on page 2 undefined on input line 10.


LaTeX Warning: Reference `sec:environment' on page 2 undefined on input line 19
.

LaTeX Font Info:    Try loading font information for OMS+cmr on input line 28.
(/usr/share/texlive/texmf-dist/tex/latex/base/omscmr.fd
File: omscmr.fd 2014/09/29 v2.5h Standard LaTeX font definitions
)
LaTeX Font Info:    Font shape `OMS/cmr/m/n' in size <10.95> not available
(Font)              Font shape `OMS/cmsy/m/n' tried instead on input line 28.
) [2


] (./capitolo1.tex
Chapter 1.

LaTeX Warning: Citation `newinternet' on page 3 undefined on input line 5.


LaTeX Warning: Citation `haber' on page 3 undefined on input line 7.


LaTeX Warning: Citation `merkletree' on page 3 undefined on input line 12.


LaTeX Warning: Citation `binancevision' on page 3 undefined on input line 13.


LaTeX Warning: Citation `ukgov' on page 3 undefined on input line 26.


LaTeX Warning: Reference `sec:consensus' on page 3 undefined on input line 31.

<distributed.png, id=27, 711.65875pt x 195.73125pt>
File: distributed.png Graphic file (type png)
 <use distributed.png>
Package pdftex.def Info: distributed.png used on input line 35.
(pdftex.def)             Requested size: 483.69351pt x 142.27036pt.


LaTeX Warning: Citation `fauna' on page 3 undefined on input line 36.


LaTeX Warning: Citation `byzantine' on page 3 undefined on input line 44.

(/usr/share/texlive/texmf-dist/tex/latex/ucs/data/uni-32.def
File: uni-32.def 2013/05/13 UCS: Unicode data U+2000..U+20FF
) [3

 <./distributed.png>]

LaTeX Warning: Citation `byzantine' on page 4 undefined on input line 71.


LaTeX Warning: Citation `binancevision' on page 4 undefined on input line 71.


LaTeX Warning: Reference `cha:bitcoin' on page 4 undefined on input line 79.


LaTeX Warning: Citation `consensusmedium' on page 4 undefined on input line 83.



LaTeX Warning: Citation `binancevision' on page 4 undefined on input line 91.


LaTeX Warning: Citation `digiconomist' on page 4 undefined on input line 100.

<energy.png, id=32, 1204.5pt x 803.0pt>
File: energy.png Graphic file (type png)
 <use energy.png>
Package pdftex.def Info: energy.png used on input line 107.
(pdftex.def)             Requested size: 298.75334pt x 199.16928pt.


LaTeX Warning: Citation `digiconomist' on page 4 undefined on input line 108.


LaTeX Warning: Citation `binancevision' on page 4 undefined on input line 116.


LaTeX Warning: Citation `consensusmedium' on page 4 undefined on input line 116
.


LaTeX Warning: Citation `consensusmedium' on page 4 undefined on input line 129
.


Underfull \vbox (badness 2229) has occurred while \output is active []

 [4 <./energy.png>]

LaTeX Warning: Citation `binancevision' on page 5 undefined on input line 152.


LaTeX Warning: Citation `investopedia' on page 5 undefined on input line 152.

<block_hash.png, id=38, 557.08125pt x 145.54375pt>
File: block_hash.png Graphic file (type png)
 <use block_hash.png>
Package pdftex.def Info: block_hash.png used on input line 171.
(pdftex.def)             Requested size: 435.62668pt x 113.81102pt.


LaTeX Warning: Citation `bitcoin' on page 5 undefined on input line 172.


LaTeX Warning: Citation `investopedia' on page 5 undefined on input line 182.


Overfull \hbox (4.48822pt too wide) in paragraph at lines 176--185
[]\OT1/cmr/m/n/10.95 Considering that the ma-jor-ity of blockchains are pub-lic
, means that any-one can ac-cess the blockchain
 []


Underfull \vbox (badness 1881) has occurred while \output is active []

 [5 <./block_hash.png>]
Underfull \hbox (badness 10000) in paragraph at lines 186--190

 []


LaTeX Warning: Citation `binancevision' on page 6 undefined on input line 196.


LaTeX Warning: Citation `investopedia' on page 6 undefined on input line 196.


Underfull \hbox (badness 10000) in paragraph at lines 191--197

 []


LaTeX Warning: Citation `binancevision' on page 6 undefined on input line 202.


LaTeX Warning: Citation `investopedia' on page 6 undefined on input line 209.


Underfull \hbox (badness 10000) in paragraph at lines 208--211

 []


LaTeX Warning: Citation `binancevision' on page 6 undefined on input line 216.


Underfull \hbox (badness 10000) in paragraph at lines 212--217

 []


LaTeX Warning: File `key_generation.png' not found on input line 220.


./capitolo1.tex:220: Package pdftex.def Error: File `key_generation.png' not fo
und.

See the pdftex.def package documentation for explanation.
Type  H <return>  for immediate help.
 ...                                              
                                                  
l.220 ...raphics[height=4.3cm]{key_generation.png}
                                                  
Using draft setting for this image.
Try typing  <return>  to proceed.
If that doesn't work, type  X <return>  to quit.


LaTeX Warning: Citation `key' on page 6 undefined on input line 221.


LaTeX Warning: Reference `sec:pow' on page 6 undefined on input line 225.


LaTeX Warning: Citation `binancevision' on page 6 undefined on input line 232.


Underfull \hbox (badness 10000) in paragraph at lines 224--233

 []


LaTeX Warning: Citation `investopedia' on page 6 undefined on input line 240.


LaTeX Warning: Citation `binancevision' on page 6 undefined on input line 250.


Underfull \hbox (badness 10000) in paragraph at lines 234--251

 []

[6]

LaTeX Warning: Citation `bitcoin' on page 7 undefined on input line 255.


LaTeX Warning: Citation `binancevision' on page 7 undefined on input line 258.


LaTeX Warning: Citation `coindesk' on page 7 undefined on input line 277.


LaTeX Warning: Citation `sovrin' on page 7 undefined on input line 283.

<identity.png, id=48, 638.385pt x 493.845pt>
File: identity.png Graphic file (type png)
 <use identity.png>
Package pdftex.def Info: identity.png used on input line 287.
(pdftex.def)             Requested size: 257.4535pt x 199.16928pt.


LaTeX Warning: Citation `sovrin' on page 7 undefined on input line 288.


Underfull \vbox (badness 10000) has occurred while \output is active []

 [7 <./identity.png (PNG copy)>]

LaTeX Warning: Citation `binancevision' on page 8 undefined on input line 302.

<charity.png, id=52, 1194.4625pt x 541.02126pt>
File: charity.png Graphic file (type png)
 <use charity.png>
Package pdftex.def Info: charity.png used on input line 306.
(pdftex.def)             Requested size: 314.08876pt x 142.26378pt.


LaTeX Warning: Citation `cointelegraph' on page 8 undefined on input line 307.


LaTeX Warning: Citation `binancevision' on page 8 undefined on input line 324.


LaTeX Warning: Citation `binancevision' on page 8 undefined on input line 333.


Underfull \vbox (badness 10000) has occurred while \output is active []

 [8 <./charity.png>]) (./capitolo2.tex
Chapter 2.

LaTeX Warning: Reference `sec:pow' on page 9 undefined on input line 18.


LaTeX Warning: Citation `bitcoin' on page 9 undefined on input line 28.

<rewarding.png, id=57, 1806.75pt x 801.99625pt>
File: rewarding.png Graphic file (type png)
 <use rewarding.png>
Package pdftex.def Info: rewarding.png used on input line 46.
(pdftex.def)             Requested size: 386.95897pt x 171.765pt.


LaTeX Warning: Citation `rewarding' on page 9 undefined on input line 47.

[9 <./rewarding.png>]

LaTeX Warning: Citation `bitcoin' on page 10 undefined on input line 72.

<bitcoin-transaction.png, id=62, 493.0922pt x 292.09125pt>
File: bitcoin-transaction.png Graphic file (type png)

<use bitcoin-transaction.png>
Package pdftex.def Info: bitcoin-transaction.png used on input line 75.
(pdftex.def)             Requested size: 288.20572pt x 170.71652pt.


LaTeX Warning: Citation `bitcoin' on page 10 undefined on input line 76.


LaTeX Warning: Reference `sec:incentive' on page 10 undefined on input line 84.



LaTeX Warning: Reference `sec:wallets' on page 10 undefined on input line 89.


LaTeX Warning: Citation `bitcoin.org' on page 10 undefined on input line 102.


Underfull \vbox (badness 7433) has occurred while \output is active []

 [10 <./bitcoin-transaction.png>]

LaTeX Warning: Citation `bitcoin.org' on page 11 undefined on input line 113.


Underfull \hbox (badness 10000) in paragraph at lines 105--114

 []

<p2sh.png, id=66, 821.0675pt x 158.5925pt>
File: p2sh.png Graphic file (type png)
 <use p2sh.png>
Package pdftex.def Info: p2sh.png used on input line 117.
(pdftex.def)             Requested size: 435.32422pt x 84.08264pt.


LaTeX Warning: Citation `bitcoin.org' on page 11 undefined on input line 118.


LaTeX Warning: Citation `bitcoin.org' on page 11 undefined on input line 126.


LaTeX Warning: Citation `bitcoin.org' on page 11 undefined on input line 132.

[11 <./p2sh.png>]) (./capitolo3.tex
Chapter 3.

LaTeX Warning: Citation `scmp' on page 12 undefined on input line 7.


LaTeX Warning: Reference `sec:segwit' on page 12 undefined on input line 13.


LaTeX Warning: Citation `scmp' on page 12 undefined on input line 18.


LaTeX Warning: Citation `thecryptonomist' on page 12 undefined on input line 18
.


Underfull \hbox (badness 10000) in paragraph at lines 23--26

 []

<fork-img.png, id=74, 2452.16125pt x 792.9625pt>
File: fork-img.png Graphic file (type png)
 <use fork-img.png>
Package pdftex.def Info: fork-img.png used on input line 34.
(pdftex.def)             Requested size: 439.91072pt x 142.26378pt.


LaTeX Warning: Citation `bitcoin.com' on page 12 undefined on input line 35.


Underfull \hbox (badness 10000) in paragraph at lines 27--38

 []


LaTeX Warning: Citation `binancevision' on page 12 undefined on input line 51.

[12 <./fork-img.png>]

LaTeX Warning: Citation `bitcoincore' on page 13 undefined on input line 67.


LaTeX Warning: Citation `bitcoinabc' on page 13 undefined on input line 103.


LaTeX Warning: Citation `eda' on page 13 undefined on input line 103.

) (./capitolo4.tex
Underfull \vbox (badness 10000) has occurred while \output is active []

 [13]
Chapter 4.

LaTeX Warning: Citation `rint' on page 14 undefined on input line 14.


LaTeX Warning: Citation `rint' on page 14 undefined on input line 24.


LaTeX Warning: Citation `api' on page 14 undefined on input line 48.


LaTeX Warning: Citation `rstudio' on page 14 undefined on input line 63.

[14]
LaTeX Font Info:    Font shape `OMS/cmr/m/it' in size <10.95> not available
(Font)              Font shape `OMS/cmsy/m/n' tried instead on input line 81.
 <create_call.png, id=87, 855.195pt x 148.555pt>
File: create_call.png Graphic file (type png)
 <use create_call.png>
Package pdftex.def Info: create_call.png used on input line 85.
(pdftex.def)             Requested size: 327.58733pt x 56.9055pt.

<json_sample.png, id=88, 683.55376pt x 301.125pt>
File: json_sample.png Graphic file (type png)
 <use json_sample.png>
Package pdftex.def Info: json_sample.png used on input line 100.
(pdftex.def)             Requested size: 322.94957pt x 142.26378pt.

Overfull \hbox (37.65683pt too wide) in paragraph at lines 92--104
[]\OT1/cmr/m/it/10.95 https://blockdozer.com/insight-api/addr/qrn0adtaah922mwz3
vems7jqf6hpemdppu2mvm75xe/?noTxList=1
 []

[15 <./create_call.png> <./json_sample.png>]

LaTeX Warning: Reference `sec:addresses' on page 16 undefined on input line 115
.


Underfull \hbox (badness 1014) in paragraph at lines 128--128
[]|\OT1/cmr/m/n/10.95 Get the to-tal amount of un-con-
 []


Underfull \hbox (badness 10000) in paragraph at lines 129--129
[]|\OT1/cmr/m/n/10.95 Get the un-spent trans-ac-tions
 []


LaTeX Warning: Citation `blockchair' on page 16 undefined on input line 160.


Underfull \hbox (badness 7238) in paragraph at lines 169--169
[]|\OT1/cmr/m/n/10.95 Get the Bit-coin Cash cur-rent
 []


LaTeX Warning: Citation `blockchair' on page 16 undefined on input line 172.


Underfull \vbox (badness 10000) has occurred while \output is active []

 [16]
[17]) (./capitolo5.tex
Chapter 5.
<blocksize2.png, id=99, 752.8125pt x 409.53pt>
File: blocksize2.png Graphic file (type png)
 <use blocksize2.png>
Package pdftex.def Info: blocksize2.png used on input line 16.
(pdftex.def)             Requested size: 435.32422pt x 236.82143pt.

Underfull \vbox (badness 10000) has occurred while \output is active []

 [18 <./blocksize2.png (PNG copy)>] <transactions1.png, id=103, 752.8125pt x 40
9.53pt>
File: transactions1.png Graphic file (type png)

<use transactions1.png>
Package pdftex.def Info: transactions1.png used on input line 34.
(pdftex.def)             Requested size: 435.32422pt x 236.82143pt.


LaTeX Warning: Citation `thecryptonomist' on page 19 undefined on input line 41
.


Underfull \hbox (badness 10000) in paragraph at lines 45--47

 []


Underfull \vbox (badness 10000) has occurred while \output is active []

 [19 <./transactions1.png (PNG copy)>] <poolminers.png, id=107, 752.8125pt x 41
0.2828pt>
File: poolminers.png Graphic file (type png)

<use poolminers.png>
Package pdftex.def Info: poolminers.png used on input line 63.
(pdftex.def)             Requested size: 365.44675pt x 199.16928pt.
 <stackblocks.png, id=108, 1053.9375pt x 572.1375pt>
File: stackblocks.png Graphic file (type png)

<use stackblocks.png>
Package pdftex.def Info: stackblocks.png used on input line 76.
(pdftex.def)             Requested size: 435.32422pt x 236.32391pt.
)
No file Pop_VasileAdrianBogdan_DISI_2018-19.bbl.
[20 <./poolminers.png (PNG copy)> <./stackblocks.png (PNG copy)>]
(./Pop_VasileAdrianBogdan_DISI_2018-19.aux)

LaTeX Warning: There were undefined references.


LaTeX Warning: Label(s) may have changed. Rerun to get cross-references right.

 ) 
Here is how much of TeX's memory you used:
 4940 strings out of 493013
 70684 string characters out of 6135682
 160174 words of memory out of 5000000
 8332 multiletter control sequences out of 15000+600000
 15119 words of font info for 54 fonts, out of 8000000 for 9000
 1141 hyphenation exceptions out of 8191
 39i,11n,32p,335b,467s stack positions out of 5000i,500n,10000p,200000b,80000s
</usr/share/texlive/texmf-dist/fonts/type1/public/amsfonts/cm/cmbx10.pfb></us
r/share/texlive/texmf-dist/fonts/type1/public/amsfonts/cm/cmbx12.pfb></usr/shar
e/texlive/texmf-dist/fonts/type1/public/amsfonts/cm/cmcsc10.pfb></usr/share/tex
live/texmf-dist/fonts/type1/public/amsfonts/cm/cmmi10.pfb></usr/share/texlive/t
exmf-dist/fonts/type1/public/amsfonts/cm/cmmi8.pfb></usr/share/texlive/texmf-di
st/fonts/type1/public/amsfonts/cm/cmr10.pfb></usr/share/texlive/texmf-dist/font
s/type1/public/amsfonts/cm/cmr12.pfb></usr/share/texlive/texmf-dist/fonts/type1
/public/amsfonts/cm/cmr17.pfb></usr/share/texlive/texmf-dist/fonts/type1/public
/amsfonts/cm/cmr6.pfb></usr/share/texlive/texmf-dist/fonts/type1/public/amsfont
s/cm/cmr8.pfb></usr/share/texlive/texmf-dist/fonts/type1/public/amsfonts/cm/cmr
9.pfb></usr/share/texlive/texmf-dist/fonts/type1/public/amsfonts/cm/cmsy10.pfb>
</usr/share/texlive/texmf-dist/fonts/type1/public/amsfonts/cm/cmti10.pfb></usr/
share/texlive/texmf-dist/fonts/type1/public/amsfonts/cm/cmti12.pfb></usr/share/
texlive/texmf-dist/fonts/type1/public/amsfonts/cm/cmtt10.pfb>
Output written on Pop_VasileAdrianBogdan_DISI_2018-19.pdf (22 pages, 996263 byt
es).
PDF statistics:
 160 PDF objects out of 1000 (max. 8388607)
 98 compressed objects within 1 object stream
 0 named destinations out of 1000 (max. 500000)
 81 words of extra memory for PDF output out of 10000 (max. 10000000)

